<?xml version="1.0" encoding="UTF-8"?>
<!-- Generated by org.testng.reporters.JUnitReportReporter -->
<testsuite skipped="0" hostname="computer-PC" name="testcases.TC003_MergeLeads" tests="1" failures="0" timestamp="19 Aug 2018 05:37:45 GMT" time="47.895" errors="0">
  <testcase name="login" time="47.895" classname="testcases.TC003_MergeLeads"/>
</testsuite> <!-- testcases.TC003_MergeLeads -->
