<?xml version="1.0" encoding="UTF-8"?>
<!-- Generated by org.testng.reporters.JUnitReportReporter -->
<testsuite skipped="0" hostname="computer-PC" name="week5.day1.ProjectsMethods" tests="1" failures="0" timestamp="18 Aug 2018 09:58:38 GMT" time="17.202" errors="0">
  <testcase name="login" time="17.202" classname="week5.day1.ProjectsMethods"/>
</testsuite> <!-- week5.day1.ProjectsMethods -->
