<?xml version="1.0" encoding="UTF-8"?>
<!-- Generated by org.testng.reporters.JUnitReportReporter -->
<testsuite skipped="0" hostname="computer-PC" name="testcases.TC001_Login" tests="1" failures="0" timestamp="18 Aug 2018 11:14:16 GMT" time="68.637" errors="0">
  <testcase name="login" time="68.637" classname="testcases.TC001_Login"/>
</testsuite> <!-- testcases.TC001_Login -->
