<?xml version="1.0" encoding="UTF-8"?>
<!-- Generated by org.testng.reporters.JUnitReportReporter -->
<testsuite skipped="0" hostname="computer-PC" name="testcases.TC004_EditLead" tests="1" failures="0" timestamp="13 Aug 2018 07:11:22 GMT" time="52.394" errors="0">
  <testcase name="login" time="52.394" classname="testcases.TC004_EditLead"/>
</testsuite> <!-- testcases.TC004_EditLead -->
