<?xml version="1.0" encoding="UTF-8"?>
<!-- Generated by org.testng.reporters.JUnitReportReporter -->
<testsuite skipped="0" hostname="computer-PC" name="testcases.TC002_CreadLead" tests="1" failures="0" timestamp="26 Aug 2018 05:07:53 GMT" time="13.835" errors="0">
  <testcase name="CreadLead" time="13.835" classname="testcases.TC002_CreadLead"/>
</testsuite> <!-- testcases.TC002_CreadLead -->
