<?xml version="1.0" encoding="UTF-8"?>
<!-- Generated by org.testng.reporters.JUnitReportReporter -->
<testsuite skipped="0" hostname="computer-PC" name="testcases.NewTest" tests="1" failures="0" timestamp="18 Aug 2018 11:07:29 GMT" time="0.016" errors="0">
  <testcase name="f" time="0.016" classname="testcases.NewTest"/>
</testsuite> <!-- testcases.NewTest -->
