<?xml version="1.0" encoding="UTF-8"?>
<!-- Generated by org.testng.reporters.JUnitReportReporter -->
<testsuite skipped="0" hostname="computer-PC" name="testcases.TC006_DeleteLeads" tests="1" failures="0" timestamp="25 Aug 2018 10:18:31 GMT" time="63.642" errors="0">
  <testcase name="DeleteLeads" time="63.642" classname="testcases.TC006_DeleteLeads"/>
</testsuite> <!-- testcases.TC006_DeleteLeads -->
